<?xml version="1.0" encoding="UTF-8"?>
<!-- Generated by org.testng.reporters.JUnitReportReporter -->
<testsuite hostname="DESKTOP-2SEFOJD" name="com.eaf.qa.uitests.MaintenanceWorkOrdersTest" tests="1" failures="0" timestamp="10 Jul 2019 12:21:34 GMT" time="127.185" errors="0">
  <testcase name="cloneAndDeleteAView" time="127.185" classname="com.eaf.qa.uitests.MaintenanceWorkOrdersTest"/>
</testsuite> <!-- com.eaf.qa.uitests.MaintenanceWorkOrdersTest -->
