<?xml version="1.0" encoding="UTF-8"?>
<!-- Generated by org.testng.reporters.JUnitReportReporter -->
<testsuite hostname="DESKTOP-9DC16RT" name="productivise.tests.LoginTest" tests="1" failures="0" timestamp="24 Aug 2020 10:28:10 GMT" time="81.717" errors="0">
  <testcase name="VerifyChangePasswordAndLoggingInAndChangingAgain" time="81.717" classname="productivise.tests.LoginTest"/>
</testsuite> <!-- productivise.tests.LoginTest -->
