<?xml version="1.0" encoding="UTF-8"?>
<!-- Generated by org.testng.reporters.JUnitReportReporter -->
<testsuite hostname="DESKTOP-2SEFOJD" name="com.eaf.qa.uitests.MaintenanceTaskTest" tests="1" failures="0" timestamp="10 Jul 2019 13:37:54 GMT" time="117.645" errors="0">
  <testcase name="verifyTooltipForAView" time="117.645" classname="com.eaf.qa.uitests.MaintenanceTaskTest"/>
</testsuite> <!-- com.eaf.qa.uitests.MaintenanceTaskTest -->
