<?xml version="1.0" encoding="UTF-8"?>
<!-- Generated by org.testng.reporters.JUnitReportReporter -->
<testsuite hostname="DESKTOP-9DC16RT" name="productivise.tests.InnoCircTest" tests="1" failures="0" timestamp="19 Aug 2020 07:09:38 GMT" time="50.655" errors="0">
  <testcase name="InnoCircOPDEMR" time="50.655" classname="productivise.tests.InnoCircTest"/>
</testsuite> <!-- productivise.tests.InnoCircTest -->
