<?xml version="1.0" encoding="UTF-8"?>
<!-- Generated by org.testng.reporters.JUnitReportReporter -->
<testsuite hostname="DESKTOP-3QN7H6K" name="productivise.tests.NewRegressionTestForWebChat" tests="1" failures="0" timestamp="28 Feb 2020 12:30:34 GMT" time="27.753" errors="0">
  <testcase name="LoginToproductiviseWebChat1" time="27.753" classname="productivise.tests.NewRegressionTestForWebChat"/>
</testsuite> <!-- productivise.tests.NewRegressionTestForWebChat -->
