<?xml version="1.0" encoding="UTF-8"?>
<!-- Generated by org.testng.reporters.JUnitReportReporter -->
<testsuite hostname="DESKTOP-2SEFOJD" name="com.eaf.qa.uitests.EquipmentClassesTest" tests="1" failures="0" timestamp="10 Jul 2019 13:06:20 GMT" time="169.535" errors="0">
  <testcase name="verifyTooltipForAView" time="169.535" classname="com.eaf.qa.uitests.EquipmentClassesTest"/>
</testsuite> <!-- com.eaf.qa.uitests.EquipmentClassesTest -->
