<?xml version="1.0" encoding="UTF-8"?>
<!-- Generated by org.testng.reporters.JUnitReportReporter -->
<testsuite hostname="DESKTOP-9DC16RT" name="productivise.tests.UserManagementRegressionTest" tests="1" failures="0" timestamp="18 Apr 2020 14:45:33 GMT" time="333.157" errors="0">
  <testcase name="productiviseUserManagement" time="333.157" classname="productivise.tests.UserManagementRegressionTest"/>
</testsuite> <!-- productivise.tests.UserManagementRegressionTest -->
