<?xml version="1.0" encoding="UTF-8"?>
<!-- Generated by org.testng.reporters.JUnitReportReporter -->
<testsuite hostname="DESKTOP-9DC16RT" name="OPDEMR.tests.SoapConfiguration_AssesmentTest" tests="1" failures="0" timestamp="13 Oct 2020 07:16:58 GMT" time="166.900" errors="0">
  <testcase name="VerifyTheTestCasesForSOAP_Plan" time="166.900" classname="OPDEMR.tests.SoapConfiguration_AssesmentTest"/>
</testsuite> <!-- OPDEMR.tests.SoapConfiguration_AssesmentTest -->
