<?xml version="1.0" encoding="UTF-8"?>
<!-- Generated by org.testng.reporters.JUnitReportReporter -->
<testsuite hostname="DESKTOP-9DC16RT" name="OPDEMR.tests.Soap_PlanTest" tests="1" failures="0" timestamp="22 Oct 2020 10:08:35 GMT" time="249.131" errors="0">
  <testcase name="VerifyTheTestCasesForSOAP_PlanAccordingtoTestCase210to212" time="249.131" classname="OPDEMR.tests.Soap_PlanTest"/>
</testsuite> <!-- OPDEMR.tests.Soap_PlanTest -->
