<?xml version="1.0" encoding="UTF-8"?>
<!-- Generated by org.testng.reporters.JUnitReportReporter -->
<testsuite hostname="DESKTOP-9DC16RT" name="OPDEMR.tests.SoapConfiguration_AssesmentTest" tests="2" failures="0" timestamp="16 Oct 2020 06:33:29 GMT" time="201.001" errors="0">
  <testcase name="VerifyTheTestCasesForSOAP_Plan" time="144.527" classname="OPDEMR.tests.SoapConfiguration_AssesmentTest"/>
  <testcase name="VerifyTheTestCasesForSOAP_Assesment" time="56.474" classname="OPDEMR.tests.SoapConfiguration_AssesmentTest"/>
</testsuite> <!-- OPDEMR.tests.SoapConfiguration_AssesmentTest -->
