<?xml version="1.0" encoding="UTF-8"?>
<!-- Generated by org.testng.reporters.JUnitReportReporter -->
<testsuite hostname="DESKTOP-JS58TIP" name="com.eaf.qa.uitests.RegisterTest" tests="1" failures="0" timestamp="27 Aug 2019 11:01:10 GMT" time="27.139" errors="0">
  <testcase name="verifyTooltipForAView" time="27.139" classname="com.eaf.qa.uitests.RegisterTest"/>
</testsuite> <!-- com.eaf.qa.uitests.RegisterTest -->
