<?xml version="1.0" encoding="UTF-8"?>
<!-- Generated by org.testng.reporters.JUnitReportReporter -->
<testsuite hostname="DESKTOP-9DC16RT" name="OPDEMR.tests.OrderSetTest" tests="4" failures="0" timestamp="1 Oct 2020 07:17:32 GMT" time="172.833" errors="0">
  <testcase name="VerifyCreatedOrderSetAndDeleteIfAlreadyPresent" time="35.378" classname="OPDEMR.tests.OrderSetTest"/>
  <testcase name="VerifyTheTestCasesForOrderSet" time="33.771" classname="OPDEMR.tests.OrderSetTest"/>
  <testcase name="VerifyCreatedOrderSet" time="39.565" classname="OPDEMR.tests.OrderSetTest"/>
  <testcase name="CreateAOrderSet" time="64.119" classname="OPDEMR.tests.OrderSetTest"/>
</testsuite> <!-- OPDEMR.tests.OrderSetTest -->
