<?xml version="1.0" encoding="UTF-8"?>
<!-- Generated by org.testng.reporters.JUnitReportReporter -->
<testsuite hostname="DESKTOP-9DC16RT" name="OPDEMR.tests.ObjectiveTest" tests="1" failures="0" timestamp="18 Nov 2020 11:14:27 GMT" time="158.397" errors="0">
  <testcase name="VerifyTheFlowOfAddingAndEditingOfConditions" time="158.397" classname="OPDEMR.tests.ObjectiveTest"/>
</testsuite> <!-- OPDEMR.tests.ObjectiveTest -->
