<?xml version="1.0" encoding="UTF-8"?>
<!-- Generated by org.testng.reporters.JUnitReportReporter -->
<testsuite hostname="DESKTOP-JS58TIP" name="com.leadr.qa.tests.TeamListingTest" tests="1" failures="0" timestamp="13 Sep 2019 10:41:12 GMT" time="76.496" errors="0">
  <testcase name="RegisterToLeadr" time="76.496" classname="com.leadr.qa.tests.TeamListingTest"/>
</testsuite> <!-- com.leadr.qa.tests.TeamListingTest -->
